#! /usr/bin/vvp
:ivl_version "10.1 (stable)";
:ivl_delay_selection "TYPICAL";
:vpi_time_precision - 12;
:vpi_module "system";
:vpi_module "vhdl_sys";
:vpi_module "v2005_math";
:vpi_module "va_math";
S_0x557a27913790 .scope module, "tb_incomp_case" "tb_incomp_case" 2 6;
 .timescale -9 -12;
v0x557a27933ea0_0 .var "clk", 0 0;
v0x557a27933f80_0 .var "i0", 0 0;
v0x557a27934040_0 .var "i1", 0 0;
v0x557a27934140_0 .var "i2", 0 0;
v0x557a27934210_0 .var "reset", 0 0;
v0x557a27934300_0 .var "sel", 1 0;
v0x557a279343a0_0 .net "y", 0 0, v0x557a27933cf0_0;  1 drivers
E_0x557a278d5ae0 .event posedge, v0x557a27934210_0, v0x557a27933ea0_0;
S_0x557a27913910 .scope module, "uut" "incomp_case" 2 16, 3 2 0, S_0x557a27913790;
 .timescale 0 0;
    .port_info 0 /INPUT 1 "i0"
    .port_info 1 /INPUT 1 "i1"
    .port_info 2 /INPUT 1 "i2"
    .port_info 3 /INPUT 2 "sel"
    .port_info 4 /OUTPUT 1 "y"
v0x557a27913b60_0 .net "i0", 0 0, v0x557a27933f80_0;  1 drivers
v0x557a27933a80_0 .net "i1", 0 0, v0x557a27934040_0;  1 drivers
v0x557a27933b40_0 .net "i2", 0 0, v0x557a27934140_0;  1 drivers
v0x557a27933c10_0 .net "sel", 1 0, v0x557a27934300_0;  1 drivers
v0x557a27933cf0_0 .var "y", 0 0;
E_0x557a278d5ce0 .event edge, v0x557a27933c10_0, v0x557a27913b60_0, v0x557a27933a80_0;
    .scope S_0x557a27913910;
T_0 ;
    %wait E_0x557a278d5ce0;
    %load/vec4 v0x557a27933c10_0;
    %dup/vec4;
    %pushi/vec4 0, 0, 2;
    %cmp/u;
    %jmp/1 T_0.0, 6;
    %dup/vec4;
    %pushi/vec4 1, 0, 2;
    %cmp/u;
    %jmp/1 T_0.1, 6;
    %jmp T_0.2;
T_0.0 ;
    %load/vec4 v0x557a27913b60_0;
    %store/vec4 v0x557a27933cf0_0, 0, 1;
    %jmp T_0.2;
T_0.1 ;
    %load/vec4 v0x557a27933a80_0;
    %store/vec4 v0x557a27933cf0_0, 0, 1;
    %jmp T_0.2;
T_0.2 ;
    %pop/vec4 1;
    %jmp T_0;
    .thread T_0, $push;
    .scope S_0x557a27913790;
T_1 ;
    %vpi_call 2 25 "$dumpfile", "tb_incomp_case.vcd" {0 0 0};
    %vpi_call 2 26 "$dumpvars", 32'sb00000000000000000000000000000000, S_0x557a27913790 {0 0 0};
    %pushi/vec4 0, 0, 1;
    %store/vec4 v0x557a27933f80_0, 0, 1;
    %pushi/vec4 0, 0, 1;
    %store/vec4 v0x557a27934040_0, 0, 1;
    %pushi/vec4 0, 0, 1;
    %store/vec4 v0x557a27934140_0, 0, 1;
    %pushi/vec4 0, 0, 1;
    %store/vec4 v0x557a27933ea0_0, 0, 1;
    %pushi/vec4 0, 0, 1;
    %store/vec4 v0x557a27934210_0, 0, 1;
    %delay 1000, 0;
    %pushi/vec4 1, 0, 1;
    %store/vec4 v0x557a27934210_0, 0, 1;
    %delay 10000, 0;
    %pushi/vec4 0, 0, 1;
    %store/vec4 v0x557a27934210_0, 0, 1;
    %delay 5000000, 0;
    %vpi_call 2 37 "$finish" {0 0 0};
    %end;
    .thread T_1;
    .scope S_0x557a27913790;
T_2 ;
    %delay 317000, 0;
    %load/vec4 v0x557a27933f80_0;
    %inv;
    %store/vec4 v0x557a27933f80_0, 0, 1;
    %jmp T_2;
    .thread T_2;
    .scope S_0x557a27913790;
T_3 ;
    %delay 600000, 0;
    %load/vec4 v0x557a27933ea0_0;
    %inv;
    %store/vec4 v0x557a27933ea0_0, 0, 1;
    %jmp T_3;
    .thread T_3;
    .scope S_0x557a27913790;
T_4 ;
    %delay 37000, 0;
    %load/vec4 v0x557a27934040_0;
    %inv;
    %store/vec4 v0x557a27934040_0, 0, 1;
    %jmp T_4;
    .thread T_4;
    .scope S_0x557a27913790;
T_5 ;
    %delay 57000, 0;
    %load/vec4 v0x557a27934140_0;
    %inv;
    %store/vec4 v0x557a27934140_0, 0, 1;
    %jmp T_5;
    .thread T_5;
    .scope S_0x557a27913790;
T_6 ;
    %wait E_0x557a278d5ae0;
    %load/vec4 v0x557a27934210_0;
    %flag_set/vec4 8;
    %jmp/0xz  T_6.0, 8;
    %pushi/vec4 0, 0, 2;
    %assign/vec4 v0x557a27934300_0, 0;
    %jmp T_6.1;
T_6.0 ;
    %load/vec4 v0x557a27934300_0;
    %addi 1, 0, 2;
    %assign/vec4 v0x557a27934300_0, 0;
T_6.1 ;
    %jmp T_6;
    .thread T_6;
# The file index is used to find the file name in the following table.
:file_names 4;
    "N/A";
    "<interactive>";
    "tb_incomp_case.v";
    "incomp_case.v";
